
         ==============================
         S N O P T  7.7.7    (Feb 2021)
         ==============================
1

 SNMEMB EXIT 100 -- finished successfully
 SNMEMB INFO 104 -- memory requirements estimated

 Trial version of SNOPT -- for evaluation or academic purposes only
1

 Parameters
 ==========

 Files
 -----
 Solution file..........         0       Old basis file ........         0       Standard input.........         5
 Insert file............         0       New basis file ........         0       (Printer)..............         9
 Punch file.............         0       Backup basis file......         0       (Specs file)...........         0
 Load file..............         0       Dump file..............         0       Standard output........         6

 Frequencies
 -----------
 Print frequency........       100       Check frequency........        60       Save new basis map.....       100
 Summary frequency......       100       Factorization frequency        50       Expand frequency.......     10000

 QP subproblems
 --------------
 QPsolver Cholesky......
 Scale tolerance........     0.900       Minor feasibility tol..  1.00E-06       Iteration limit........     10000
 Scale option...........         0       Minor optimality  tol..  1.00E-06       Minor print level......         1
 Crash tolerance........     0.100       Pivot tolerance........  3.25E-11       New superbasics........        99
 Crash option...........         3       Elastic weight.........  1.00E+00

 Partial pricing
 ---------------
 LP Partial price.......         1       Prtl price section ( A)        60       Prtl price section (-I)         1
 QP Partial price.......         1       Prtl price section ( A)        60       Prtl price section (-I)         1

 The SQP Method
 --------------
 Minimize...............                 Cold start.............                 Proximal Point method..         1
 Nonlinear objectiv vars        60       Major optimality tol...  1.00E-05       Function precision.....  3.00E-13
 Unbounded step size....  1.00E+20       Superbasics limit......        60       Difference interval....  5.48E-07
 Unbounded objective....  1.00E+10       Reduced Hessian dim....        60       Central difference int.  6.70E-05
 Major step limit.......  2.00E+00       Derivative linesearch..                 Derivative level.......         3
 Major iterations limit.    100000       Linesearch tolerance...   0.90000       Verify level...........         0
 Minor iterations limit.       500       Penalty parameter......  0.00E+00       Major Print Level......         1
 Time limit (secs)...... 9999999.0

 Hessian Approximation
 ---------------------
 Hessian full-memory....                 Hessian updates........  99999999       Hessian frequency......  99999999
                                                                                 Hessian flush..........  99999999

 Miscellaneous
 -------------
 LU factor tolerance....      3.99       LU singularity tol.....  3.25E-11       Timing level...........         3
 LU update tolerance....      3.99       LU swap tolerance......  1.22E-04       Debug level............         0
 LU partial  pivoting...                 eps (machine precision)  2.22E-16       System information.....        No
                                                                                 Sticky parameters......        No
1




 Matrix statistics
 -----------------
               Total      Normal        Free       Fixed     Bounded
 Rows              1           0           1           0           0
 Columns          60           0           0           0          60

 No. of matrix elements                    1     Density       1.667
 Biggest                          0.0000E+00  (excluding fixed columns,
 Smallest                         0.0000E+00   free rows, and RHS)

 No. of objective coefficients             0

 Nonlinear constraints       0     Linear constraints       1
 Nonlinear variables        60     Linear variables         0
 Jacobian  variables         0     Objective variables     60
 Total constraints           1     Total variables         60
1



 The user has defined      60   out of      60   objective  gradients.

 Cheap test of user-supplied problem derivatives...

 The objective  gradients seem to be OK.

 Gradient projected in one direction  -1.14317861146E-01
 Difference approximation             -1.10786727389E-01
1



   Itns Major Minors    Step   nObj Feasible  Optimal      Objective     L+U BSwap     nS condZHZ
     60     0     60              1           9.8E-01  1.7423699E+02       1           58 1.0E+00 _  r
     81     1     21 1.7E-01      3           1.4E-02  1.7412799E+02       1           40 1.0E+00 _  r
    103     2     22 1.0E-02      5           2.4E-02  1.7412749E+02       1           60 3.8E+00 _s
    104     3      1 2.6E-01      7           2.6E-04  1.7412727E+02       1           60 4.8E+00 _
    105     4      1 1.0E+00      8           1.8E-05  1.7412727E+02       1           60 4.9E+00 _
    106     5      1 6.0E+00     10           1.6E-04  1.7412727E+02       1           60 1.6E+01 _
    107     6      1 1.0E+00     11           3.1E-04  1.7412727E+02       1           60 3.1E+01 _
    108     7      1 1.0E+00     12           9.1E-04  1.7412727E+02       1           60 5.2E+01 _
    109     8      1 1.0E+00     13           1.7E-03  1.7412727E+02       1           60 1.5E+02 _
    110     9      1 1.0E+00     14           3.0E-03  1.7412727E+02       1           60 4.2E+02 _
    111    10      1 1.0E+00     15           5.3E-03  1.7412727E+02       1           60 1.3E+03 _
    113    11      2 1.0E+00     16           1.0E-02  1.7412725E+02       1           59 9.9E+00 _
    114    12      1 1.0E+00     17           9.4E-03  1.7412724E+02       1           59 9.9E+00 _
    115    13      1 1.0E+00     18           7.8E-03  1.7412723E+02       1           59 5.7E+00 _
    116    14      1 1.0E+00     19           2.5E-05  1.7412722E+02       1           59 5.7E+00 _
    117    15      1 1.3E+02     22           7.4E-04  1.7412722E+02       1           59 5.6E+01 _
    119    16      2 2.1E+00     24           1.3E-03  1.7412721E+02       1           58 7.0E+00 _
    120    17      1 1.0E+00     25           2.3E-03  1.7412720E+02       1           58 7.0E+00 _
    121    18      1 1.0E+00     26           1.4E-03  1.7412720E+02       1           58 6.2E+00 _
    122    19      1 1.0E+00     27           2.7E-05  1.7412720E+02       1           58 6.3E+00 _

   Itns Major Minors    Step   nObj Feasible  Optimal      Objective     L+U BSwap     nS condZHZ
    123    20      1 1.3E+02     30           5.6E-04  1.7412720E+02       1           58 2.9E+02 _
    125    21      2 1.0E+00     31           3.7E-03  1.7412719E+02       1           57 1.1E+01 _
    126    22      1 1.0E+00     32           3.1E-03  1.7412719E+02       1           57 6.5E+00 _
    127    23      1 1.0E+00     33           5.1E-04  1.7412719E+02       1           57 7.0E+00 _
    128    24      1 1.0E+00     34           1.9E-05  1.7412719E+02       1           57 7.1E+00 _
    129    25      1 6.0E+00     36           2.5E-04  1.7412719E+02       1           57 2.6E+01 _
    130    26      1 1.0E+00     37           5.8E-04  1.7412719E+02       1           57 1.4E+02 _
    131    27      1 1.0E+00     38           1.7E-03  1.7412719E+02       1           57 4.4E+02 _
    133    28      2 1.0E+00     39           3.2E-03  1.7412719E+02       1           56 1.2E+01 _
    134    29      1 1.0E+00     40           3.8E-03  1.7412719E+02       1           56 1.2E+01 _
    135    30      1 1.0E+00     41           3.2E-03  1.7412719E+02       1           56 7.1E+00 _
    136    31      1 1.0E+00     42           2.7E-05  1.7412718E+02       1           56 7.2E+00 _
    138    32      2 1.3E+02     45           4.3E-04  1.7412718E+02       1           55 8.3E+00 _
    139    33      1 1.0E+00     46           1.6E-03  1.7412718E+02       1           55 8.8E+00 _
    140    34      1 1.0E+00     47           8.5E-04  1.7412718E+02       1           55 7.3E+00 _
    141    35      1 1.0E+00     48           2.9E-05  1.7412718E+02       1           55 7.5E+00 _
    143    36      2 7.0E+01     51           7.4E-04  1.7412718E+02       1           54 8.2E+00 _
    144    37      1 1.0E+00     52           4.1E-04  1.7412718E+02       1           54 6.5E+00 _
    145    38      1 1.0E+00     53           2.8E-05  1.7412718E+02       1           54 6.5E+00 _
    146    39      1 6.0E+00     55           6.0E-05  1.7412718E+02       1           54 4.6E+01 _

   Itns Major Minors    Step   nObj Feasible  Optimal      Objective     L+U BSwap     nS condZHZ
    147    40      1 1.0E+00     56           3.4E-04  1.7412718E+02       1           54 1.7E+02 _
    148    41      1 1.0E+00     57           6.5E-04  1.7412718E+02       1           54 6.0E+02 _
    150    42      2 1.0E+00     58           1.0E-03  1.7412718E+02       1           53 1.0E+01 _
    151    43      1 1.0E+00     59           8.8E-04  1.7412717E+02       1           53 1.0E+01 _
    152    44      1 1.0E+00     60           5.7E-04  1.7412717E+02       1           53 7.4E+00 _
    153    45      1 1.0E+00     61           2.0E-05  1.7412717E+02       1           53 7.4E+00 _
    154    46      1 1.8E+01     65           1.7E-04  1.7412717E+02       1           53 3.6E+02 _
    155    47      1 1.0E+00     66           9.4E-04  1.7412717E+02       1           53 1.6E+03 _
    157    48      2 3.7E-01     69           1.5E-03  1.7412717E+02       1           52 1.2E+01 _
    158    49      1 3.2E-02     79           1.7E-03  1.7412717E+02       1           52 1.3E+01 _
    159    50      1 3.6E-02     89           1.9E-03  1.7412717E+02       1           52 1.4E+01 _
    160    51      1 1.7E-02     99           2.0E-03  1.7412717E+02       1           52 1.4E+01 _
    161    52      1 1.3E-12    132           2.0E-03  1.7412717E+02       1           52 1.5E+01 _
    162    53      1 5.1E-03    142           2.0E-03  1.7412717E+02       1           52 1.5E+01 _
    162    54      0 2.7E-12    174           2.0E-03  1.7412717E+02       1           52 1.5E+01 _
    163    55      1 1.3E-12    207           2.0E-03  1.7412717E+02       1           52 1.4E+01 _
    164    56      1 1.9E-02    217           2.1E-03  1.7412717E+02       1           52 1.4E+01 _
    169    56      5            250           2.1E-03  1.7412717E+02       1           56 1.2E+02 _  R
    174    57      5 1.0E+00    251           1.9E-03  1.7412717E+02       1           60 8.0E+02 _s
    175    58      1 1.0E+00    252           8.5E-04  1.7412717E+02       1           60 6.3E+02 _
    179    59      4 1.0E+00    253           3.4E-04  1.7412717E+02       1           58 6.0E+01 _

   Itns Major Minors    Step   nObj Feasible  Optimal      Objective     L+U BSwap     nS condZHZ
    181    60      2 1.0E+00    254           2.3E-05  1.7412717E+02       1           57 6.6E+01 _
    183    61      2 1.0E+00    255           4.9E-05  1.7412717E+02       1           56 7.6E+01 _
    184    62      1 1.0E+00    256           6.3E-05  1.7412717E+02       1           56 8.4E+01 _
    187    63      3 3.4E+00    258           7.6E-05  1.7412717E+02       1           54 8.8E+01 _
    191    64      4 1.0E+00    259           5.9E-05  1.7412717E+02       1           55 7.0E+02 _
    194    65      3 1.0E+00    260           3.7E-05  1.7412717E+02       1           55 5.4E+02 _
    196    66      2 1.0E+00    261           2.6E-05  1.7412717E+02       1           54 7.0E+02 _
    197    67      1 1.0E+00    262           4.9E-05  1.7412717E+02       1           54 1.2E+03 _
    199    68      2 1.0E+00    263           9.8E-05  1.7412717E+02       1           53 2.0E+03 _
    200    69      1 1.0E+00    264           1.6E-04  1.7412717E+02       1           53 3.6E+03 _
    201    70      1 1.0E+00    265           2.2E-04  1.7412717E+02       1           53 1.5E+04 _
    202    71      1 1.0E+00    266           4.2E-04  1.7412717E+02       1           53 3.1E+04 _
    203    72      1 1.0E+00    267           5.2E-04  1.7412717E+02       1           53 7.9E+04 _
    205    73      2 1.0E+00    268           5.4E-04  1.7412717E+02       1           52 1.1E+02 _
    206    74      1 1.0E+00    269           3.8E-04  1.7412717E+02       1           52 1.1E+02 _
    207    75      1 1.0E+00    270           2.6E-04  1.7412717E+02       1           52 1.2E+02 _
    208    76      1 1.0E+00    271           3.5E-05  1.7412717E+02       1           52 1.3E+02 _
    209    77      1 6.0E+00    273           1.1E-04  1.7412717E+02       1           52 4.7E+03 _
    210    78      1 1.9E-01    278           3.1E-04  1.7412717E+02       1           52 2.1E+04 _
    211    79      1 1.9E-02    288           3.8E-04  1.7412717E+02       1           52 7.0E+04 _

   Itns Major Minors    Step   nObj Feasible  Optimal      Objective     L+U BSwap     nS condZHZ
    213    80      2 2.7E-03    298           4.1E-04  1.7412717E+02       1           51 1.7E+02 _
    214    81      1 3.0E-04    308           4.1E-04  1.7412717E+02       1           51 1.8E+02 _
    215    82      1 3.0E-04    318           4.2E-04  1.7412717E+02       1           51 1.8E+02 _
    216    83      1 3.0E-04    328           4.2E-04  1.7412717E+02       1           51 1.8E+02 _
    217    84      1 3.0E-04    338           4.2E-04  1.7412717E+02       1           51 1.9E+02 _
    218    85      1 3.0E-04    348           4.3E-04  1.7412717E+02       1           51 2.0E+02 _
    219    86      1 2.9E-04    358           4.3E-04  1.7412717E+02       1           51 2.3E+02 _
    220    87      1 5.5E-05    368           4.3E-04  1.7412717E+02       1           51 2.8E+02 _
    221    88      1 5.5E-05    378           4.3E-04  1.7412717E+02       1           51 3.4E+02 _
    222    89      1 5.4E-05    388           4.3E-04  1.7412717E+02       1           51 4.0E+02 _
    223    90      1 5.4E-05    398           4.3E-04  1.7412717E+02       1           51 4.6E+02 _
    225    91      2 5.4E-05    408           4.3E-04  1.7412717E+02       1           50 1.6E+02 _
    227    92      2 5.3E-05    418           4.4E-04  1.7412717E+02       1           51 9.0E+02 _
    228    93      1 5.3E-05    428           4.4E-04  1.7412717E+02       1           51 9.0E+02 _
    229    94      1 5.3E-05    438           4.4E-04  1.7412717E+02       1           51 9.1E+02 _
    230    95      1 5.3E-05    448           4.4E-04  1.7412717E+02       1           51 9.1E+02 _
    231    96      1 5.3E-05    458           4.4E-04  1.7412717E+02       1           51 9.1E+02 _
    232    97      1 5.2E-05    468           4.4E-04  1.7412717E+02       1           51 9.1E+02 _
    233    98      1 5.2E-05    478           4.4E-04  1.7412717E+02       1           51 9.1E+02 _
    234    99      1 5.2E-05    488           4.4E-04  1.7412717E+02       1           51 9.1E+02 _

   Itns Major Minors    Step   nObj Feasible  Optimal      Objective     L+U BSwap     nS condZHZ
    235   100      1 5.2E-05    498           4.4E-04  1.7412717E+02       1           51 9.2E+02 _
    236   101      1 5.2E-05    508           4.4E-04  1.7412717E+02       1           51 9.2E+02 _
    237   102      1 5.2E-05    518           4.4E-04  1.7412717E+02       1           51 9.2E+02 _
    238   103      1 5.1E-05    528           4.4E-04  1.7412717E+02       1           51 9.2E+02 _
    239   104      1 5.1E-05    538           4.4E-04  1.7412717E+02       1           51 9.3E+02 _
    240   105      1 5.1E-05    548           4.4E-04  1.7412717E+02       1           51 9.3E+02 _
    241   106      1 5.1E-05    558           4.4E-04  1.7412717E+02       1           51 9.3E+02 _
    242   107      1 5.1E-05    568           4.5E-04  1.7412717E+02       1           51 9.3E+02 _
    243   108      1 5.0E-05    578           4.5E-04  1.7412717E+02       1           51 9.4E+02 _
    244   109      1 5.0E-05    588           4.5E-04  1.7412717E+02       1           51 9.4E+02 _
    245   110      1 5.0E-05    598           4.5E-04  1.7412717E+02       1           51 9.5E+02 _
    246   111      1 5.0E-05    608           4.5E-04  1.7412717E+02       1           51 9.5E+02 _
    247   112      1 5.0E-05    618           4.5E-04  1.7412717E+02       1           51 9.5E+02 _
    248   113      1 4.9E-05    628           4.5E-04  1.7412717E+02       1           51 9.6E+02 _
    249   114      1 4.9E-05    638           4.5E-04  1.7412717E+02       1           51 9.6E+02 _
    250   115      1 4.9E-05    648           4.5E-04  1.7412717E+02       1           51 9.7E+02 _
    251   116      1 4.9E-05    658           4.5E-04  1.7412717E+02       1           51 9.7E+02 _
    252   117      1 4.9E-05    668           4.5E-04  1.7412717E+02       1           51 9.8E+02 _
    253   118      1 4.8E-05    678           4.5E-04  1.7412717E+02       1           51 9.8E+02 _
    254   119      1 4.8E-05    688           4.5E-04  1.7412717E+02       1           51 9.9E+02 _

   Itns Major Minors    Step   nObj Feasible  Optimal      Objective     L+U BSwap     nS condZHZ
    255   120      1 4.8E-05    698           4.5E-04  1.7412717E+02       1           51 9.9E+02 _
    256   121      1 4.8E-05    708           4.5E-04  1.7412717E+02       1           51 1.0E+03 _
    257   122      1 4.7E-05    718           4.5E-04  1.7412717E+02       1           51 1.0E+03 _
    258   123      1 4.7E-05    728           4.6E-04  1.7412717E+02       1           51 1.0E+03 _
    259   124      1 4.7E-05    738           4.6E-04  1.7412717E+02       1           51 1.0E+03 _
    260   125      1 4.7E-05    748           4.6E-04  1.7412717E+02       1           51 1.0E+03 _
    261   126      1 4.7E-05    758           4.6E-04  1.7412717E+02       1           51 1.0E+03 _
    262   127      1 4.6E-05    768           4.6E-04  1.7412717E+02       1           51 1.0E+03 _
    263   128      1 4.6E-05    778           4.6E-04  1.7412717E+02       1           51 1.1E+03 _
    264   129      1 4.6E-05    788           4.6E-04  1.7412717E+02       1           51 1.1E+03 _
    265   130      1 4.6E-05    798           4.6E-04  1.7412717E+02       1           51 1.1E+03 _
    266   131      1 4.5E-05    808           4.6E-04  1.7412717E+02       1           51 1.1E+03 _
    267   132      1 4.5E-05    818           4.6E-04  1.7412717E+02       1           51 1.1E+03 _
    268   133      1 4.5E-05    828           4.6E-04  1.7412717E+02       1           51 1.1E+03 _
    269   134      1 4.5E-05    838           4.6E-04  1.7412717E+02       1           51 1.1E+03 _
    270   135      1 4.4E-05    848           4.6E-04  1.7412717E+02       1           51 1.1E+03 _
    271   136      1 4.4E-05    858           4.6E-04  1.7412717E+02       1           51 1.1E+03 _
    272   137      1 4.4E-05    868           4.6E-04  1.7412717E+02       1           51 1.1E+03 _
    273   138      1 4.4E-05    878           4.6E-04  1.7412717E+02       1           51 1.2E+03 _
    274   139      1 4.3E-05    888           4.6E-04  1.7412717E+02       1           51 1.2E+03 _

   Itns Major Minors    Step   nObj Feasible  Optimal      Objective     L+U BSwap     nS condZHZ
    275   140      1 4.3E-05    898           4.7E-04  1.7412717E+02       1           51 1.2E+03 _
    276   141      1 4.3E-05    908           4.7E-04  1.7412717E+02       1           51 1.2E+03 _
    277   142      1 4.3E-05    918           4.7E-04  1.7412717E+02       1           51 1.2E+03 _
    278   143      1 4.2E-05    928           4.7E-04  1.7412717E+02       1           51 1.2E+03 _
    279   144      1 4.2E-05    938           4.7E-04  1.7412717E+02       1           51 1.2E+03 _
    280   145      1 4.2E-05    948           4.7E-04  1.7412717E+02       1           51 1.3E+03 _
    281   146      1 4.1E-05    958           4.7E-04  1.7412717E+02       1           51 1.3E+03 _
    282   147      1 4.1E-05    968           4.7E-04  1.7412717E+02       1           51 1.3E+03 _
    283   148      1 4.1E-05    978           4.7E-04  1.7412717E+02       1           51 1.3E+03 _
    284   149      1 4.1E-05    988           4.7E-04  1.7412717E+02       1           51 1.3E+03 _
    285   150      1 4.0E-05    998           4.7E-04  1.7412717E+02       1           51 1.3E+03 _
    286   151      1 4.0E-05   1008           4.7E-04  1.7412717E+02       1           51 1.4E+03 _
    287   152      1 4.0E-05   1018           4.7E-04  1.7412717E+02       1           51 1.4E+03 _
    288   153      1 3.9E-05   1028           4.7E-04  1.7412717E+02       1           51 1.4E+03 _
    289   154      1 3.9E-05   1038           4.7E-04  1.7412717E+02       1           51 1.4E+03 _
    290   155      1 3.9E-05   1048           4.7E-04  1.7412717E+02       1           51 1.5E+03 _
    291   156      1 3.9E-05   1058           4.7E-04  1.7412717E+02       1           51 1.5E+03 _
    292   157      1 3.8E-05   1068           4.7E-04  1.7412717E+02       1           51 1.5E+03 _
    293   158      1 3.8E-05   1078           4.8E-04  1.7412717E+02       1           51 1.5E+03 _
    294   159      1 3.8E-05   1088           4.8E-04  1.7412717E+02       1           51 1.6E+03 _

   Itns Major Minors    Step   nObj Feasible  Optimal      Objective     L+U BSwap     nS condZHZ
    295   160      1 3.7E-05   1098           4.8E-04  1.7412717E+02       1           51 1.6E+03 _
    296   161      1 3.7E-05   1108           4.8E-04  1.7412717E+02       1           51 1.6E+03 _
    297   162      1 3.7E-05   1118           4.8E-04  1.7412717E+02       1           51 1.7E+03 _
    298   163      1 3.6E-05   1128           4.8E-04  1.7412717E+02       1           51 1.8E+03 _
    299   164      1 3.6E-05   1138           4.8E-04  1.7412717E+02       1           51 1.8E+03 _
    300   165      1 3.6E-05   1148           4.8E-04  1.7412717E+02       1           51 1.9E+03 _
    301   166      1 3.5E-05   1158           4.8E-04  1.7412717E+02       1           51 2.0E+03 _
    302   167      1 3.5E-05   1168           4.8E-04  1.7412717E+02       1           51 2.0E+03 _
    303   168      1 3.5E-05   1178           4.8E-04  1.7412717E+02       1           51 2.1E+03 _
    304   169      1 3.4E-05   1188           4.8E-04  1.7412717E+02       1           51 2.2E+03 _
    305   170      1 3.4E-05   1198           4.8E-04  1.7412717E+02       1           51 2.2E+03 _
    306   171      1 3.4E-05   1208           4.8E-04  1.7412717E+02       1           51 2.3E+03 _
    307   172      1 3.3E-05   1218           4.8E-04  1.7412717E+02       1           51 2.4E+03 _
    308   173      1 3.3E-05   1228           4.8E-04  1.7412717E+02       1           51 2.5E+03 _
    309   174      1 3.3E-05   1238           4.8E-04  1.7412717E+02       1           51 2.6E+03 _
    310   175      1 3.2E-05   1248           4.8E-04  1.7412717E+02       1           51 2.6E+03 _
    311   176      1 3.2E-05   1258           4.9E-04  1.7412717E+02       1           51 2.7E+03 _
    312   177      1 3.2E-05   1268           4.9E-04  1.7412717E+02       1           51 2.8E+03 _
    313   178      1 3.1E-05   1278           4.9E-04  1.7412717E+02       1           51 2.9E+03 _
    315   179      2 3.1E-05   1288           4.9E-04  1.7412717E+02       1           50 9.5E+02 _

   Itns Major Minors    Step   nObj Feasible  Optimal      Objective     L+U BSwap     nS condZHZ
    316   180      1 3.1E-05   1298           4.9E-04  1.7412717E+02       1           50 9.5E+02 _
    317   181      1 3.1E-05   1308           4.9E-04  1.7412717E+02       1           50 9.6E+02 _
    318   182      1 3.1E-05   1318           4.9E-04  1.7412717E+02       1           50 9.6E+02 _
    319   183      1 3.1E-05   1328           4.9E-04  1.7412717E+02       1           50 9.7E+02 _
    320   184      1 3.1E-05   1338           4.9E-04  1.7412717E+02       1           50 9.7E+02 _
    321   185      1 3.1E-05   1348           4.9E-04  1.7412717E+02       1           50 9.8E+02 _
    322   186      1 3.1E-05   1358           4.9E-04  1.7412717E+02       1           50 9.9E+02 _
    323   187      1 3.1E-05   1368           4.9E-04  1.7412717E+02       1           50 9.9E+02 _
    324   188      1 3.1E-05   1378           4.9E-04  1.7412717E+02       1           50 1.0E+03 _
    325   189      1 3.1E-05   1388           4.9E-04  1.7412717E+02       1           50 1.0E+03 _
    326   190      1 3.1E-05   1398           4.9E-04  1.7412717E+02       1           50 1.0E+03 _
    327   191      1 3.1E-05   1408           4.9E-04  1.7412717E+02       1           50 1.0E+03 _
    328   192      1 3.1E-05   1418           4.9E-04  1.7412717E+02       1           50 1.1E+03 _
    329   193      1 3.1E-05   1428           4.9E-04  1.7412717E+02       1           50 1.1E+03 _
    330   194      1 3.1E-05   1438           4.9E-04  1.7412717E+02       1           50 1.1E+03 _
    331   195      1 3.1E-05   1448           4.9E-04  1.7412717E+02       1           50 1.1E+03 _
    332   196      1 3.1E-05   1458           5.0E-04  1.7412717E+02       1           50 1.1E+03 _
    333   197      1 3.1E-05   1468           5.0E-04  1.7412717E+02       1           50 1.1E+03 _
    334   198      1 3.1E-05   1478           5.0E-04  1.7412717E+02       1           50 1.2E+03 _
    335   199      1 3.1E-05   1488           5.0E-04  1.7412717E+02       1           50 1.2E+03 _

   Itns Major Minors    Step   nObj Feasible  Optimal      Objective     L+U BSwap     nS condZHZ
    336   200      1 3.1E-05   1498           5.0E-04  1.7412717E+02       1           50 1.2E+03 _
    337   201      1 3.1E-05   1508           5.0E-04  1.7412717E+02       1           50 1.2E+03 _
    339   202      2 3.1E-05   1518           5.0E-04  1.7412717E+02       1           49 9.1E+02 _
    340   203      1 3.1E-05   1528           5.0E-04  1.7412717E+02       1           49 9.1E+02 _
    341   204      1 3.1E-05   1538           5.0E-04  1.7412717E+02       1           49 9.2E+02 _
    342   205      1 3.1E-05   1548           5.0E-04  1.7412717E+02       1           49 9.2E+02 _
    343   206      1 3.0E-05   1558           5.0E-04  1.7412717E+02       1           49 9.3E+02 _
    344   207      1 3.0E-05   1568           5.0E-04  1.7412717E+02       1           49 9.3E+02 _
    345   208      1 3.0E-05   1578           5.0E-04  1.7412717E+02       1           49 9.4E+02 _
    346   209      1 3.0E-05   1588           5.0E-04  1.7412717E+02       1           49 9.4E+02 _
    347   210      1 3.0E-05   1598           5.0E-04  1.7412717E+02       1           49 9.5E+02 _
    348   211      1 3.0E-05   1608           5.0E-04  1.7412717E+02       1           49 9.6E+02 _
    349   212      1 3.0E-05   1618           5.0E-04  1.7412717E+02       1           49 9.7E+02 _
    350   213      1 3.0E-05   1628           5.0E-04  1.7412717E+02       1           49 9.9E+02 _
    351   214      1 3.0E-05   1638           5.0E-04  1.7412717E+02       1           49 1.0E+03 _
    352   215      1 3.0E-05   1648           5.0E-04  1.7412717E+02       1           49 1.0E+03 _
    353   216      1 3.0E-05   1658           5.1E-04  1.7412717E+02       1           49 1.0E+03 _
    354   217      1 3.0E-05   1668           5.1E-04  1.7412717E+02       1           49 1.0E+03 _
    355   218      1 3.0E-05   1678           5.1E-04  1.7412717E+02       1           49 1.1E+03 _
    356   219      1 3.0E-05   1688           5.1E-04  1.7412717E+02       1           49 1.1E+03 _

   Itns Major Minors    Step   nObj Feasible  Optimal      Objective     L+U BSwap     nS condZHZ
    357   220      1 3.0E-05   1698           5.1E-04  1.7412717E+02       1           49 1.1E+03 _
    358   221      1 3.0E-05   1708           5.1E-04  1.7412717E+02       1           49 1.1E+03 _
    359   222      1 3.0E-05   1718           5.1E-04  1.7412717E+02       1           49 1.1E+03 _
    360   223      1 3.0E-05   1728           5.1E-04  1.7412717E+02       1           49 1.1E+03 _
    361   224      1 3.0E-05   1738           5.1E-04  1.7412717E+02       1           49 1.2E+03 _
    362   225      1 3.0E-05   1748           5.1E-04  1.7412717E+02       1           49 1.2E+03 _
    363   226      1 3.0E-05   1758           5.1E-04  1.7412717E+02       1           49 1.2E+03 _
    364   227      1 3.0E-05   1768           5.1E-04  1.7412717E+02       1           49 1.2E+03 _
    365   228      1 3.0E-05   1778           5.1E-04  1.7412717E+02       1           49 1.2E+03 _
    366   229      1 3.0E-05   1788           5.1E-04  1.7412717E+02       1           49 1.2E+03 _
    367   230      1 3.0E-05   1798           5.1E-04  1.7412717E+02       1           49 1.2E+03 _
    368   231      1 3.0E-05   1808           5.1E-04  1.7412717E+02       1           49 1.3E+03 _
    369   232      1 3.0E-05   1818           5.1E-04  1.7412717E+02       1           49 1.3E+03 _
    370   233      1 3.0E-05   1828           5.1E-04  1.7412717E+02       1           49 1.3E+03 _
    371   234      1 3.0E-05   1838           5.1E-04  1.7412717E+02       1           49 1.3E+03 _
    372   235      1 3.0E-05   1848           5.1E-04  1.7412717E+02       1           49 1.3E+03 _
    373   236      1 3.0E-05   1858           5.2E-04  1.7412717E+02       1           49 1.3E+03 _
    374   237      1 3.0E-05   1868           5.2E-04  1.7412717E+02       1           49 1.4E+03 _
    375   238      1 3.0E-05   1878           5.2E-04  1.7412717E+02       1           49 1.4E+03 _
    376   239      1 3.0E-05   1888           5.2E-04  1.7412717E+02       1           49 1.4E+03 _

   Itns Major Minors    Step   nObj Feasible  Optimal      Objective     L+U BSwap     nS condZHZ
    377   240      1 3.0E-05   1898           5.2E-04  1.7412717E+02       1           49 1.4E+03 _
    378   241      1 3.0E-05   1908           5.2E-04  1.7412717E+02       1           49 1.4E+03 _
    379   242      1 3.0E-05   1918           5.2E-04  1.7412717E+02       1           49 1.4E+03 _
    380   243      1 3.0E-05   1928           5.2E-04  1.7412717E+02       1           49 1.5E+03 _
    381   244      1 3.0E-05   1938           5.2E-04  1.7412717E+02       1           49 1.5E+03 _
    382   245      1 3.0E-05   1948           5.2E-04  1.7412717E+02       1           49 1.5E+03 _
    383   246      1 3.0E-05   1958           5.2E-04  1.7412717E+02       1           49 1.5E+03 _
    384   247      1 3.0E-05   1968           5.2E-04  1.7412717E+02       1           49 1.5E+03 _
    385   248      1 3.0E-05   1978           5.2E-04  1.7412717E+02       1           49 1.6E+03 _
    386   249      1 3.0E-05   1988           5.2E-04  1.7412717E+02       1           49 1.6E+03 _
    387   250      1 3.0E-05   1998           5.2E-04  1.7412717E+02       1           49 1.6E+03 _
    388   251      1 3.0E-05   2008           5.2E-04  1.7412717E+02       1           49 1.6E+03 _
    389   252      1 3.0E-05   2018           5.2E-04  1.7412717E+02       1           49 1.7E+03 _
    390   253      1 3.0E-05   2028           5.2E-04  1.7412717E+02       1           49 1.7E+03 _
    391   254      1 3.0E-05   2038           5.2E-04  1.7412717E+02       1           49 1.7E+03 _
    392   255      1 3.0E-05   2048           5.3E-04  1.7412717E+02       1           49 1.7E+03 _
    393   256      1 3.0E-05   2058           5.3E-04  1.7412717E+02       1           49 1.8E+03 _
    394   257      1 3.0E-05   2068           5.3E-04  1.7412717E+02       1           49 1.8E+03 _
    395   258      1 3.1E-05   2078           5.3E-04  1.7412717E+02       1           49 1.8E+03 _
    397   259      2 3.1E-05   2088           5.3E-04  1.7412717E+02       1           48 3.9E+02 _

   Itns Major Minors    Step   nObj Feasible  Optimal      Objective     L+U BSwap     nS condZHZ
    398   260      1 3.0E-05   2098           5.3E-04  1.7412717E+02       1           48 3.9E+02 _
    399   261      1 3.0E-05   2108           5.3E-04  1.7412717E+02       1           48 3.9E+02 _
    400   262      1 3.0E-05   2118           5.3E-04  1.7412717E+02       1           48 4.0E+02 _
    401   263      1 3.0E-05   2128           5.3E-04  1.7412717E+02       1           48 4.0E+02 _
    402   264      1 3.0E-05   2138           5.3E-04  1.7412717E+02       1           48 4.1E+02 _
    403   265      1 3.0E-05   2148           5.3E-04  1.7412717E+02       1           48 4.1E+02 _
    404   266      1 3.0E-05   2158           5.3E-04  1.7412717E+02       1           48 4.2E+02 _
    405   267      1 3.0E-05   2168           5.3E-04  1.7412717E+02       1           48 4.3E+02 _
    406   268      1 3.0E-05   2178           5.3E-04  1.7412717E+02       1           48 4.4E+02 _
    407   269      1 3.0E-05   2188           5.3E-04  1.7412717E+02       1           48 4.5E+02 _
    408   270      1 3.0E-05   2198           5.3E-04  1.7412717E+02       1           48 4.7E+02 _
    409   271      1 3.0E-05   2208           5.3E-04  1.7412717E+02       1           48 4.8E+02 _
    411   272      2 2.9E-05   2218           5.3E-04  1.7412717E+02       1           49 5.2E+02 _
    412   273      1 2.9E-05   2228           5.3E-04  1.7412717E+02       1           49 5.2E+02 _
    413   274      1 2.9E-05   2238           5.3E-04  1.7412717E+02       1           49 5.3E+02 _
    414   275      1 2.9E-05   2248           5.4E-04  1.7412717E+02       1           49 5.4E+02 _
    415   276      1 2.9E-05   2258           5.4E-04  1.7412717E+02       1           49 5.6E+02 _
    416   277      1 2.9E-05   2268           5.4E-04  1.7412717E+02       1           49 5.8E+02 _
    417   278      1 2.9E-05   2278           5.4E-04  1.7412717E+02       1           49 6.0E+02 _
    418   279      1 2.9E-05   2288           5.4E-04  1.7412717E+02       1           49 6.2E+02 _

   Itns Major Minors    Step   nObj Feasible  Optimal      Objective     L+U BSwap     nS condZHZ
    419   280      1 2.9E-05   2298           5.4E-04  1.7412717E+02       1           49 6.4E+02 _
    420   281      1 2.9E-05   2308           5.4E-04  1.7412717E+02       1           49 6.6E+02 _
    421   282      1 2.9E-05   2318           5.4E-04  1.7412717E+02       1           49 6.8E+02 _
    422   283      1 2.8E-05   2328           5.4E-04  1.7412717E+02       1           49 7.0E+02 _
    423   284      1 2.8E-05   2338           5.4E-04  1.7412717E+02       1           49 7.2E+02 _
    424   285      1 2.8E-05   2348           5.4E-04  1.7412717E+02       1           49 7.4E+02 _
    425   286      1 2.8E-05   2358           5.4E-04  1.7412717E+02       1           49 7.7E+02 _
    426   287      1 2.8E-05   2368           5.4E-04  1.7412717E+02       1           49 7.9E+02 _
    427   288      1 2.8E-05   2378           5.4E-04  1.7412717E+02       1           49 8.1E+02 _
    428   289      1 2.8E-05   2388           5.4E-04  1.7412717E+02       1           49 8.3E+02 _
    429   290      1 2.8E-05   2398           5.4E-04  1.7412717E+02       1           49 8.6E+02 _
    430   291      1 2.8E-05   2408           5.4E-04  1.7412717E+02       1           49 8.8E+02 _
    431   292      1 2.8E-05   2418           5.4E-04  1.7412717E+02       1           49 9.1E+02 _
    432   293      1 2.7E-05   2428           5.4E-04  1.7412717E+02       1           49 9.3E+02 _
    433   294      1 2.7E-05   2438           5.4E-04  1.7412717E+02       1           49 9.6E+02 _
    434   295      1 2.7E-05   2448           5.5E-04  1.7412717E+02       1           49 9.9E+02 _
    435   296      1 2.7E-05   2458           5.5E-04  1.7412717E+02       1           49 1.0E+03 _
    436   297      1 2.7E-05   2468           5.5E-04  1.7412717E+02       1           49 1.0E+03 _
    437   298      1 2.7E-05   2478           5.5E-04  1.7412717E+02       1           49 1.1E+03 _
    438   299      1 2.7E-05   2488           5.5E-04  1.7412717E+02       1           49 1.1E+03 _

   Itns Major Minors    Step   nObj Feasible  Optimal      Objective     L+U BSwap     nS condZHZ
    439   300      1 2.7E-05   2498           5.5E-04  1.7412717E+02       1           49 1.1E+03 _
    440   301      1 2.7E-05   2508           5.5E-04  1.7412717E+02       1           49 1.2E+03 _
    441   302      1 2.7E-05   2518           5.5E-04  1.7412717E+02       1           49 1.2E+03 _
    442   303      1 2.6E-05   2528           5.5E-04  1.7412717E+02       1           49 1.2E+03 _
    443   304      1 2.6E-05   2538           5.5E-04  1.7412717E+02       1           49 1.3E+03 _
    444   305      1 2.6E-05   2548           5.5E-04  1.7412717E+02       1           49 1.3E+03 _
    445   306      1 2.6E-05   2558           5.5E-04  1.7412717E+02       1           49 1.3E+03 _
    446   307      1 2.6E-05   2568           5.5E-04  1.7412717E+02       1           49 1.4E+03 _
    447   308      1 2.6E-05   2578           5.5E-04  1.7412717E+02       1           49 1.4E+03 _
    448   309      1 2.6E-05   2588           5.5E-04  1.7412717E+02       1           49 1.5E+03 _
    449   310      1 2.6E-05   2598           5.5E-04  1.7412717E+02       1           49 1.5E+03 _
    450   311      1 2.5E-05   2608           5.5E-04  1.7412717E+02       1           49 1.5E+03 _
    451   312      1 2.5E-05   2618           5.5E-04  1.7412717E+02       1           49 1.6E+03 _
    452   313      1 2.5E-05   2628           5.5E-04  1.7412717E+02       1           49 1.6E+03 _
    453   314      1 2.5E-05   2638           5.5E-04  1.7412717E+02       1           49 1.7E+03 _
    454   315      1 2.5E-05   2648           5.6E-04  1.7412717E+02       1           49 1.7E+03 _
    455   316      1 2.5E-05   2658           5.6E-04  1.7412717E+02       1           49 1.8E+03 _
    457   317      2 2.5E-05   2668           5.6E-04  1.7412717E+02       1           48 1.8E+03 _
    458   318      1 2.5E-05   2678           5.6E-04  1.7412717E+02       1           48 1.9E+03 _
    459   319      1 2.4E-05   2688           5.6E-04  1.7412717E+02       1           48 1.9E+03 _

   Itns Major Minors    Step   nObj Feasible  Optimal      Objective     L+U BSwap     nS condZHZ
    460   320      1 2.4E-05   2698           5.6E-04  1.7412717E+02       1           48 2.0E+03 _
    461   321      1 2.4E-05   2708           5.6E-04  1.7412717E+02       1           48 2.0E+03 _
    462   322      1 2.4E-05   2718           5.6E-04  1.7412717E+02       1           48 2.1E+03 _
    463   323      1 2.4E-05   2728           5.6E-04  1.7412717E+02       1           48 2.1E+03 _
    464   324      1 2.4E-05   2738           5.6E-04  1.7412717E+02       1           48 2.2E+03 _
    465   325      1 2.4E-05   2748           5.6E-04  1.7412717E+02       1           48 2.3E+03 _
    466   326      1 2.4E-05   2758           5.6E-04  1.7412717E+02       1           48 2.3E+03 _
    467   327      1 2.3E-05   2768           5.6E-04  1.7412717E+02       1           48 2.4E+03 _
    468   328      1 2.3E-05   2778           5.6E-04  1.7412717E+02       1           48 2.5E+03 _
    469   329      1 2.3E-05   2788           5.6E-04  1.7412717E+02       1           48 2.5E+03 _
    470   330      1 2.3E-05   2798           5.6E-04  1.7412717E+02       1           48 2.6E+03 _
    471   331      1 2.3E-05   2808           5.6E-04  1.7412717E+02       1           48 2.7E+03 _
    472   332      1 2.3E-05   2818           5.6E-04  1.7412717E+02       1           48 2.7E+03 _
    473   333      1 2.3E-05   2828           5.6E-04  1.7412717E+02       1           48 2.8E+03 _
    474   334      1 2.3E-05   2838           5.6E-04  1.7412717E+02       1           48 2.9E+03 _
    475   335      1 2.2E-05   2848           5.6E-04  1.7412717E+02       1           48 3.0E+03 _
    476   336      1 2.2E-05   2858           5.6E-04  1.7412717E+02       1           48 3.1E+03 _
    477   337      1 2.2E-05   2868           5.7E-04  1.7412717E+02       1           48 3.1E+03 _
    478   338      1 2.2E-05   2878           5.7E-04  1.7412717E+02       1           48 3.2E+03 _
    479   339      1 2.2E-05   2888           5.7E-04  1.7412717E+02       1           48 3.3E+03 _

   Itns Major Minors    Step   nObj Feasible  Optimal      Objective     L+U BSwap     nS condZHZ
    480   340      1 2.2E-05   2898           5.7E-04  1.7412717E+02       1           48 3.4E+03 _
1

 SNOPTC EXIT  60 -- undefined user-supplied functions
 SNOPTC INFO  63 -- unable to proceed into undefined region

 Problem name                 Equalspl
 No. of iterations                 480   Objective            1.7412716750E+02
 No. of major iterations           340   Linear    obj. term  0.0000000000E+00
                                         Nonlinear obj. term  1.7412716750E+02
 User function calls (total)      2905
 No. of superbasics                 48   No. of basic nonlinears             0
 No. of degenerate steps             1   Percentage                       0.21
 Max x                      49 2.1E+00   Max pi                      1 0.0E+00
 Max Primal infeas           0 0.0E+00   Max Dual infeas            10 3.2E-03
1

 Name           Equalspl                 Objective Value      1.7412716750E+02

 Status         Optimal Soln             Iteration    480    Superbasics    48

 Objective               (Min)
 RHS
 Ranges
 Bounds

 Section 1 - Constraints

  Number  ...Row.. State  ...Value......  Slack Value...  ..Lower Limit.  ..Upper Limit.  .Dual Variable    ..i

      61  r      1    BS          .               .                None            None           .           1
1

 Section 2 - Variables

  Number  .Column. State  ...Value......  .Obj Gradient.  ..Lower Limit.  ..Upper Limit.  .Dual Variable    m+j

       1  x      1 N  LL         1.39626        -0.00083         1.39626         1.74533        -0.00083      2
       2  x      2 N  LL         1.39626        -0.00083         1.39626         1.74533        -0.00083      3
       3  x      3 N  LL         1.39626        -0.00083         1.39626         1.74533        -0.00083      4
       4  x      4 N  FR         1.43771        -0.00084         1.39626         1.74533        -0.00084      5
       5  x      5 N SBS         1.54086        -0.00086         1.39626         1.74533        -0.00086      6
       6  x      6 N SBS         1.66653        -0.00089         1.39626         1.74533        -0.00089      7
       7  x      7 N  FR         1.74531        -0.00094         1.39626         1.74533        -0.00094      8
       8  x      8    UL         1.74533        -0.00102         1.39626         1.74533        -0.00102      9
       9  x      9    UL         1.74533        -0.00111         1.39626         1.74533        -0.00111     10
      10  x     10 N SBS         1.57409         0.00319         1.39626         1.74533         0.00319     11
      11  x     11 N  FR         1.44700        -0.00027         1.39626         1.74533        -0.00027     12
      12  x     12 N  FR         1.46446        -0.00027         1.39626         1.74533        -0.00027     13
      13  x     13 N SBS         1.49065        -0.00028         1.39626         1.74533        -0.00028     14
      14  x     14 N SBS         1.52516        -0.00028         1.39626         1.74533        -0.00028     15
      15  x     15 N SBS         1.56777        -0.00029         1.39626         1.74533        -0.00029     16
      16  x     16 N SBS         1.61863        -0.00030         1.39626         1.74533        -0.00030     17
      17  x     17 N  FR         1.67872        -0.00031         1.39626         1.74533        -0.00031     18
      18  x     18    UL         1.74533        -0.00033         1.39626         1.74533        -0.00033     19
      19  x     19    UL         1.74533        -0.00036         1.39626         1.74533        -0.00036     20
      20  x     20 N SBS         1.56127         0.00106         1.39626         1.74533         0.00106     21
      21  x     21 N SBS         2.02087         0.00013          .              5.00000         0.00013     22
      22  x     22 N SBS         2.01791         0.00013          .              5.00000         0.00013     23
      23  x     23 N SBS         2.01258         0.00013          .              5.00000         0.00013     24
      24  x     24 N SBS         2.00501         0.00010          .              5.00000         0.00010     25
      25  x     25 N SBS         2.00068         0.00002          .              5.00000         0.00002     26
      26  x     26 N SBS         2.00485        -0.00007          .              5.00000        -0.00007     27
      27  x     27 N SBS         2.02162        -0.00014          .              5.00000        -0.00014     28
      28  x     28 N SBS         2.04439        -0.00016          .              5.00000        -0.00016     29
      29  x     29 N SBS         2.07207        -0.00017          .              5.00000        -0.00017     30
      30  x     30   SBS         1.97609         0.00001          .              5.00000         0.00001     31
      31  x     31 N SBS         2.02087         0.00013          .              5.00000         0.00013     32

         ==============================
         S N O P T  7.7.7    (Feb 2021)
         ==============================
1

 SNMEMB EXIT 100 -- finished successfully
 SNMEMB INFO 104 -- memory requirements estimated

 Trial version of SNOPT -- for evaluation or academic purposes only
1

 Parameters
 ==========

 Files
 -----
 Solution file..........         0       Old basis file ........         0       Standard input.........         5
 Insert file............         0       New basis file ........         0       (Printer)..............         9
 Punch file.............         0       Backup basis file......         0       (Specs file)...........         0
 Load file..............         0       Dump file..............         0       Standard output........         6

 Frequencies
 -----------
 Print frequency........       100       Check frequency........        60       Save new basis map.....       100
 Summary frequency......       100       Factorization frequency        50       Expand frequency.......     10000

 QP subproblems
 --------------
 QPsolver Cholesky......
 Scale tolerance........     0.900       Minor feasibility tol..  1.00E-06       Iteration limit........     10000
 Scale option...........         0       Minor optimality  tol..  1.00E-06       Minor print level......         1
 Crash tolerance........     0.100       Pivot tolerance........  3.25E-11       New superbasics........        99
 Crash option...........         3       Elastic weight.........  1.00E+00

 Partial pricing
 ---------------
 LP Partial price.......         1       Prtl price section ( A)        60       Prtl price section (-I)         1
 QP Partial price.......         1       Prtl price section ( A)        60       Prtl price section (-I)         1

 The SQP Method
 --------------
 Minimize...............                 Cold start.............                 Proximal Point method..         1
 Nonlinear objectiv vars        60       Major optimality tol...  1.00E-05       Function precision.....  3.00E-13
 Unbounded step size....  1.00E+20       Superbasics limit......        60       Difference interval....  5.48E-07
 Unbounded objective....  1.00E+10       Reduced Hessian dim....        60       Central difference int.  6.70E-05
 Major step limit.......  2.00E+00       Derivative linesearch..                 Derivative level.......         3
 Major iterations limit.    100000       Linesearch tolerance...   0.90000       Verify level...........         0
 Minor iterations limit.       500       Penalty parameter......  0.00E+00       Major Print Level......         1
 Time limit (secs)...... 9999999.0

 Hessian Approximation
 ---------------------
 Hessian full-memory....                 Hessian updates........  99999999       Hessian frequency......  99999999
                                                                                 Hessian flush..........  99999999

 Miscellaneous
 -------------
 LU factor tolerance....      3.99       LU singularity tol.....  3.25E-11       Timing level...........         3
 LU update tolerance....      3.99       LU swap tolerance......  1.22E-04       Debug level............         0
 LU partial  pivoting...                 eps (machine precision)  2.22E-16       System information.....        No
                                                                                 Sticky parameters......        No
1




 Matrix statistics
 -----------------
               Total      Normal        Free       Fixed     Bounded
 Rows              1           0           1           0           0
 Columns          60           0           0           0          60

 No. of matrix elements                    1     Density       1.667
 Biggest                          0.0000E+00  (excluding fixed columns,
 Smallest                         0.0000E+00   free rows, and RHS)

 No. of objective coefficients             0

 Nonlinear constraints       0     Linear constraints       1
 Nonlinear variables        60     Linear variables         0
 Jacobian  variables         0     Objective variables     60
 Total constraints           1     Total variables         60
1



 The user has defined      60   out of      60   objective  gradients.

 Cheap test of user-supplied problem derivatives...

 XXX  The objective  gradients seem to be incorrect.

 Gradient projected in one direction   2.27026431781E+00
 Difference approximation              3.92541382938E+00
1



   Itns Major Minors    Step   nObj Feasible  Optimal      Objective     L+U BSwap     nS condZHZ
     60     0     60              1           2.9E-01  8.9799589E+02       1           56 1.0E+00 _  r
     72     1     12 6.9E-01      2           9.4E-01  3.5831729E+02       1           45 1.0E+00 _  rl
     82     2     10 1.0E+00     10           1.3E+00  2.8795105E+02       1           54 1.2E+00 _s  l
     96     3     14 3.3E-05     20           1.4E+00  2.8792263E+02       1           48 9.1E+01 _
    103     4      7 1.0E+00     21           4.7E-01  2.7701674E+02       1           45 9.7E+01 _
    114     5     11 1.0E+00     22           4.5E-01  2.5295349E+02       1           43 1.0E+02 _
    125     6     11 1.0E+00     23           5.4E-01  2.3398364E+02       1           47 1.8E+02 _
    135     7     10 1.0E+00     24           7.8E-01  2.2694938E+02       1           41 1.9E+02 _
    144     8      9 1.0E+00     25           6.4E-01  2.1999686E+02       1           45 1.9E+02 _
    153     9      9 1.0E+00     26           1.1E+00  2.1727283E+02       1           44 1.5E+02 _
    167    10     14 1.0E+00     27           1.0E+00  2.1512067E+02       1           45 1.5E+02 _
    173    11      6 1.0E+00     28           1.6E+00  2.1410776E+02       1           50 1.9E+02 _
    176    12      3 1.0E+00     29           8.1E-01  2.1409585E+02       1           52 1.9E+02 _
    182    13      6 1.0E+00     30           8.1E-01  2.1351545E+02       1           49 2.0E+02 _
    184    14      2 1.0E+00     40           8.0E+00  2.1198881E+02       1           49 2.0E+02 _     u
1

 SNOPTC EXIT  20 -- the problem appears to be unbounded
 SNOPTC INFO  21 -- unbounded objective

 Problem name                 Equalspl
 No. of iterations                 184   Objective            2.1198880883E+02
 No. of major iterations            14   Linear    obj. term  0.0000000000E+00
                                         Nonlinear obj. term  2.1198880883E+02
 User function calls (total)        41
 No. of superbasics                 49   No. of basic nonlinears             0
 No. of degenerate steps             5   Percentage                       2.72
 Max x                      19 1.7E+00   Max pi                      1 0.0E+00
 Max Primal infeas           0 0.0E+00   Max Dual infeas            50 8.0E+00
1

 Name           Equalspl                 Objective Value      2.1198880883E+02

 Status         Optimal Soln             Iteration    184    Superbasics    49

 Objective               (Min)
 RHS
 Ranges
 Bounds

 Section 1 - Constraints

  Number  ...Row.. State  ...Value......  Slack Value...  ..Lower Limit.  ..Upper Limit.  .Dual Variable    ..i

      61  r      1    BS          .               .                None            None           .           1
1

 Section 2 - Variables

  Number  .Column. State  ...Value......  .Obj Gradient.  ..Lower Limit.  ..Upper Limit.  .Dual Variable    m+j

       1  x      1    LL         1.39626             NaN         1.39626         1.74533             NaN      2
       2  x      2    LL         1.39626             NaN         1.39626         1.74533             NaN      3
       3  x      3    LL         1.39626             NaN         1.39626         1.74533             NaN      4
       4  x      4    LL         1.39626             NaN         1.39626         1.74533             NaN      5
       5  x      5    LL         1.39626             NaN         1.39626         1.74533             NaN      6
       6  x      6   SBS         1.73860             NaN         1.39626         1.74533             NaN      7
       7  x      7   SBS         1.73083             NaN         1.39626         1.74533             NaN      8
       8  x      8   SBS         1.73126             NaN         1.39626         1.74533             NaN      9
       9  x      9   SBS         1.71310             NaN         1.39626         1.74533             NaN     10
      10  x     10   SBS         1.47860             NaN         1.39626         1.74533             NaN     11
      11  x     11   SBS         1.39653             NaN         1.39626         1.74533             NaN     12
      12  x     12   SBS         1.40136             NaN         1.39626         1.74533             NaN     13
      13  x     13   SBS         1.47155             NaN         1.39626         1.74533             NaN     14
      14  x     14   SBS         1.56852             NaN         1.39626         1.74533             NaN     15
      15  x     15   SBS         1.66159             NaN         1.39626         1.74533             NaN     16
      16  x     16   SBS         1.74381             NaN         1.39626         1.74533             NaN     17
      17  x     17   SBS         1.73331             NaN         1.39626         1.74533             NaN     18
      18  x     18   SBS         1.74199             NaN         1.39626         1.74533             NaN     19
      19  x     19    UL         1.74533             NaN         1.39626         1.74533             NaN     20
      20  x     20   SBS         1.53596             NaN         1.39626         1.74533             NaN     21
      21  x     21   SBS         1.52298             NaN          .              5.00000             NaN     22
      22  x     22   SBS         1.52300             NaN          .              5.00000             NaN     23
      23  x     23 N SBS         1.52076        -0.00036          .              5.00000        -0.00036     24
      24  x     24 N SBS         1.51752         0.00285          .              5.00000         0.00285     25
      25  x     25 N SBS         1.37338         1.78813          .              5.00000         1.78813     26
      26  x     26 N SBS         0.04834         0.02545          .              5.00000         0.02545     27
      27  x     27 N SBS         0.07502         0.14120          .              5.00000         0.14120     28
      28  x     28 N SBS         0.09992         0.22842          .              5.00000         0.22842     29
      29  x     29 N SBS         0.04949        -0.09265          .              5.00000        -0.09265     30
      30  x     30 N  LL          .             -6.98501          .              5.00000        -6.98501     31
      31  x     31   SBS         1.52298             NaN          .              5.00000             NaN     32
      32  x     32   SBS         1.52300             NaN          .              5.00000             NaN     33
      33  x     33 N SBS         1.52076        -0.00036          .              5.00000        -0.00036     34
      34  x     34 N SBS         1.51752         0.00285          .              5.00000         0.00285     35
      35  x     35 N SBS         1.37338         1.78813          .              5.00000         1.78813     36
      36  x     36 N SBS         0.04834         0.02545          .              5.00000         0.02545     37
      37  x     37 N SBS         0.07502         0.14120          .              5.00000         0.14120     38
      38  x     38 N SBS         0.10058         0.23071          .              5.00000         0.23071     39
      39  x     39 N SBS         0.04997        -0.09980          .              5.00000        -0.09980     40
      40  x     40 N SBS         0.00118        -4.01288          .              5.00000        -4.01288     41
      41  x     41   SBS         1.52306             NaN          .              5.00000             NaN     42
      42  x     42   SBS         1.52315             NaN          .              5.00000             NaN     43
      43  x     43 N SBS         1.52086         0.00019          .              5.00000         0.00019     44
      44  x     44 N SBS         1.51769         0.00363          .              5.00000         0.00363     45
      45  x     45 N SBS         1.14110         4.37772          .              5.00000         4.37772     46
      46  x     46 N SBS         0.02350        -0.29306          .              5.00000        -0.29306     47
      47  x     47 N SBS         0.05156         0.02015          .              5.00000         0.02015     48
      48  x     48 N SBS         0.14568         0.39496          .              5.00000         0.39496     49
      49  x     49 N SBS         0.06509         0.02813          .              5.00000         0.02813     50
      50  x     50 N SBS         0.03893        -7.95276          .              5.00000        -7.95276     51
      51  x     51    LL          .                  NaN          .              5.00000             NaN     52
      52  x     52    LL          .                  NaN          .              5.00000             NaN     53
      53  x     53 N SBS         0.09838         0.35200          .              5.00000         0.35200     54
      54  x     54 N SBS         0.03067         0.02659          .              5.00000         0.02659     55
      55  x     55 N  LL          .             -2.76511          .              5.00000        -2.76511     56
      56  x     56 N SBS         0.00454        -1.69718          .              5.00000        -1.69718     57
      57  x     57 N  LL          .             -3.07868          .              5.00000        -3.07868     58
      58  x     58 N SBS         0.04922        -0.02839          .              5.00000        -0.02839     59
      59  x     59 N SBS         0.10999         0.26721          .              5.00000         0.26721     60
      60  x     60 N SBS         0.08777         0.78073          .              5.00000         0.78073     61

 Time for MPS input                             0.00 seconds
 Time for solving problem                     479.38 seconds
 Time for solution output                       0.00 seconds
 Time for constraint functions                492.19 seconds
 Time for objective function                    0.00 seconds
